# JRE version: Java(TM) SE Runtime Environment (7.0_51-b13) (build 1.7.0_51-b13)
# Java VM: Java HotSpot(TM) 64-Bit Server VM (24.51-b03 mixed mode windows-amd64 compressed oops)
Heap
 PSYoungGen      total 145920K, used 64189K [0x00000000eaa80000, 0x00000000fde80000, 0x0000000100000000)
  eden space 129536K, 40% used [0x00000000eaa80000,0x00000000edd4a160,0x00000000f2900000)
  from space 16384K, 74% used [0x00000000f2900000,0x00000000f34e5698,0x00000000f3900000)
  to   space 28160K, 0% used [0x00000000fc300000,0x00000000fc300000,0x00000000fde80000)
 ParOldGen       total 86528K, used 44814K [0x00000000c0000000, 0x00000000c5480000, 0x00000000eaa80000)
  object space 86528K, 51% used [0x00000000c0000000,0x00000000c2bc39f0,0x00000000c5480000)
 PSPermGen       total 21504K, used 6346K [0x00000000bae00000, 0x00000000bc300000, 0x00000000c0000000)
  object space 21504K, 29% used [0x00000000bae00000,0x00000000bb432a50,0x00000000bc300000)
GC Heap History (10 events):
Event: 10.896 GC heap before
{Heap before GC invocations=4 (full 0):
 PSYoungGen      total 35328K, used 35312K [0x00000000eaa80000, 0x00000000eef80000, 0x0000000100000000)
  eden space 32768K, 100% used [0x00000000eaa80000,0x00000000eca80000,0x00000000eca80000)
  from space 2560K, 99% used [0x00000000eca80000,0x00000000eccfc010,0x00000000ecd00000)
  to   space 2560K, 0% used [0x00000000eed00000,0x00000000eed00000,0x00000000eef80000)
 ParOldGen       total 43008K, used 10274K [0x00000000c0000000, 0x00000000c2a00000, 0x00000000eaa80000)
  object space 43008K, 23% used [0x00000000c0000000,0x00000000c0a08b48,0x00000000c2a00000)
 PSPermGen       total 21504K, used 5566K [0x00000000bae00000, 0x00000000bc300000, 0x00000000c0000000)
  object space 21504K, 25% used [0x00000000bae00000,0x00000000bb36fab0,0x00000000bc300000)
Event: 11.090 GC heap after
Heap after GC invocations=4 (full 0):
 PSYoungGen      total 68096K, used 2540K [0x00000000eaa80000, 0x00000000eef80000, 0x0000000100000000)
  eden space 65536K, 0% used [0x00000000eaa80000,0x00000000eaa80000,0x00000000eea80000)
  from space 2560K, 99% used [0x00000000eed00000,0x00000000eef7b018,0x00000000eef80000)
  to   space 2560K, 0% used [0x00000000eea80000,0x00000000eea80000,0x00000000eed00000)
 ParOldGen       total 43008K, used 15775K [0x00000000c0000000, 0x00000000c2a00000, 0x00000000eaa80000)
  object space 43008K, 36% used [0x00000000c0000000,0x00000000c0f67f28,0x00000000c2a00000)
 PSPermGen       total 21504K, used 5566K [0x00000000bae00000, 0x00000000bc300000, 0x00000000c0000000)
  object space 21504K, 25% used [0x00000000bae00000,0x00000000bb36fab0,0x00000000bc300000)
}
Event: 13.032 GC heap before
{Heap before GC invocations=5 (full 0):
 PSYoungGen      total 68096K, used 68076K [0x00000000eaa80000, 0x00000000eef80000, 0x0000000100000000)
  eden space 65536K, 100% used [0x00000000eaa80000,0x00000000eea80000,0x00000000eea80000)
  from space 2560K, 99% used [0x00000000eed00000,0x00000000eef7b018,0x00000000eef80000)
  to   space 2560K, 0% used [0x00000000eea80000,0x00000000eea80000,0x00000000eed00000)
 ParOldGen       total 43008K, used 15775K [0x00000000c0000000, 0x00000000c2a00000, 0x00000000eaa80000)
  object space 43008K, 36% used [0x00000000c0000000,0x00000000c0f67f28,0x00000000c2a00000)
 PSPermGen       total 21504K, used 5623K [0x00000000bae00000, 0x00000000bc300000, 0x00000000c0000000)
  object space 21504K, 26% used [0x00000000bae00000,0x00000000bb37dcb8,0x00000000bc300000)
Event: 13.094 GC heap after
Heap after GC invocations=5 (full 0):
 PSYoungGen      total 68096K, used 2546K [0x00000000eaa80000, 0x00000000f4780000, 0x0000000100000000)
  eden space 65536K, 0% used [0x00000000eaa80000,0x00000000eaa80000,0x00000000eea80000)
  from space 2560K, 99% used [0x00000000eea80000,0x00000000eecfc9f0,0x00000000eed00000)
  to   space 14848K, 0% used [0x00000000f3900000,0x00000000f3900000,0x00000000f4780000)
 ParOldGen       total 43008K, used 27603K [0x00000000c0000000, 0x00000000c2a00000, 0x00000000eaa80000)
  object space 43008K, 64% used [0x00000000c0000000,0x00000000c1af4d60,0x00000000c2a00000)
 PSPermGen       total 21504K, used 5623K [0x00000000bae00000, 0x00000000bc300000, 0x00000000c0000000)
  object space 21504K, 26% used [0x00000000bae00000,0x00000000bb37dcb8,0x00000000bc300000)
}
Event: 14.019 GC heap before
{Heap before GC invocations=6 (full 0):
 PSYoungGen      total 68096K, used 68082K [0x00000000eaa80000, 0x00000000f4780000, 0x0000000100000000)
  eden space 65536K, 100% used [0x00000000eaa80000,0x00000000eea80000,0x00000000eea80000)
  from space 2560K, 99% used [0x00000000eea80000,0x00000000eecfc9f0,0x00000000eed00000)
  to   space 14848K, 0% used [0x00000000f3900000,0x00000000f3900000,0x00000000f4780000)
 ParOldGen       total 43008K, used 27603K [0x00000000c0000000, 0x00000000c2a00000, 0x00000000eaa80000)
  object space 43008K, 64% used [0x00000000c0000000,0x00000000c1af4d60,0x00000000c2a00000)
 PSPermGen       total 21504K, used 5641K [0x00000000bae00000, 0x00000000bc300000, 0x00000000c0000000)
  object space 21504K, 26% used [0x00000000bae00000,0x00000000bb3827d8,0x00000000bc300000)
Event: 14.088 GC heap after
Heap after GC invocations=6 (full 0):
 PSYoungGen      total 144384K, used 13047K [0x00000000eaa80000, 0x00000000f4a80000, 0x0000000100000000)
  eden space 129536K, 0% used [0x00000000eaa80000,0x00000000eaa80000,0x00000000f2900000)
  from space 14848K, 87% used [0x00000000f3900000,0x00000000f45bdd40,0x00000000f4780000)
  to   space 16384K, 0% used [0x00000000f2900000,0x00000000f2900000,0x00000000f3900000)
 ParOldGen       total 43008K, used 27611K [0x00000000c0000000, 0x00000000c2a00000, 0x00000000eaa80000)
  object space 43008K, 64% used [0x00000000c0000000,0x00000000c1af6d60,0x00000000c2a00000)
 PSPermGen       total 21504K, used 5641K [0x00000000bae00000, 0x00000000bc300000, 0x00000000c0000000)
  object space 21504K, 26% used [0x00000000bae00000,0x00000000bb3827d8,0x00000000bc300000)
}
Event: 15.749 GC heap before
{Heap before GC invocations=7 (full 0):
 PSYoungGen      total 144384K, used 142583K [0x00000000eaa80000, 0x00000000f4a80000, 0x0000000100000000)
  eden space 129536K, 100% used [0x00000000eaa80000,0x00000000f2900000,0x00000000f2900000)
  from space 14848K, 87% used [0x00000000f3900000,0x00000000f45bdd40,0x00000000f4780000)
  to   space 16384K, 0% used [0x00000000f2900000,0x00000000f2900000,0x00000000f3900000)
 ParOldGen       total 43008K, used 27611K [0x00000000c0000000, 0x00000000c2a00000, 0x00000000eaa80000)
  object space 43008K, 64% used [0x00000000c0000000,0x00000000c1af6d60,0x00000000c2a00000)
 PSPermGen       total 21504K, used 5707K [0x00000000bae00000, 0x00000000bc300000, 0x00000000c0000000)
  object space 21504K, 26% used [0x00000000bae00000,0x00000000bb392d58,0x00000000bc300000)
Event: 15.877 GC heap after
Heap after GC invocations=7 (full 0):
 PSYoungGen      total 145920K, used 16372K [0x00000000eaa80000, 0x00000000fde80000, 0x0000000100000000)
  eden space 129536K, 0% used [0x00000000eaa80000,0x00000000eaa80000,0x00000000f2900000)
  from space 16384K, 99% used [0x00000000f2900000,0x00000000f38fd108,0x00000000f3900000)
  to   space 28160K, 0% used [0x00000000fc300000,0x00000000fc300000,0x00000000fde80000)
 ParOldGen       total 45056K, used 44860K [0x00000000c0000000, 0x00000000c2c00000, 0x00000000eaa80000)
  object space 45056K, 99% used [0x00000000c0000000,0x00000000c2bcf100,0x00000000c2c00000)
 PSPermGen       total 21504K, used 5707K [0x00000000bae00000, 0x00000000bc300000, 0x00000000c0000000)
  object space 21504K, 26% used [0x00000000bae00000,0x00000000bb392d58,0x00000000bc300000)
}
Event: 15.877 GC heap before
{Heap before GC invocations=8 (full 1):
 PSYoungGen      total 145920K, used 16372K [0x00000000eaa80000, 0x00000000fde80000, 0x0000000100000000)
  eden space 129536K, 0% used [0x00000000eaa80000,0x00000000eaa80000,0x00000000f2900000)
  from space 16384K, 99% used [0x00000000f2900000,0x00000000f38fd108,0x00000000f3900000)
  to   space 28160K, 0% used [0x00000000fc300000,0x00000000fc300000,0x00000000fde80000)
 ParOldGen       total 45056K, used 44860K [0x00000000c0000000, 0x00000000c2c00000, 0x00000000eaa80000)
  object space 45056K, 99% used [0x00000000c0000000,0x00000000c2bcf100,0x00000000c2c00000)
 PSPermGen       total 21504K, used 5707K [0x00000000bae00000, 0x00000000bc300000, 0x00000000c0000000)
  object space 21504K, 26% used [0x00000000bae00000,0x00000000bb392d58,0x00000000bc300000)
Event: 16.706 GC heap after
Heap after GC invocations=8 (full 1):
 PSYoungGen      total 145920K, used 12181K [0x00000000eaa80000, 0x00000000fde80000, 0x0000000100000000)
  eden space 129536K, 0% used [0x00000000eaa80000,0x00000000eaa80000,0x00000000f2900000)
  from space 16384K, 74% used [0x00000000f2900000,0x00000000f34e5698,0x00000000f3900000)
  to   space 28160K, 0% used [0x00000000fc300000,0x00000000fc300000,0x00000000fde80000)
 ParOldGen       total 86528K, used 44814K [0x00000000c0000000, 0x00000000c5480000, 0x00000000eaa80000)
  object space 86528K, 51% used [0x00000000c0000000,0x00000000c2bc39f0,0x00000000c5480000)
 PSPermGen       total 21504K, used 5701K [0x00000000bae00000, 0x00000000bc300000, 0x00000000c0000000)
  object space 21504K, 26% used [0x00000000bae00000,0x00000000bb3917a0,0x00000000bc300000)
}

